Reading page 1 of 7
Parsing https://api.gsplizzana.it/api/groups/1/fixtures?page=1
[Errno 2] No such file or directory: 'assets/2024/raw/2024_1_page_1'
Reading page 1 of 7
Parsing https://api.gsplizzana.it/api/groups/1/fixtures?page=1
[Errno 2] No such file or directory: 'assets/2024/raw/2024_1_page_1.json'
Reading page 1 of 7
Parsing https://api.gsplizzana.it/api/groups/1/fixtures?page=1
Reading page 1 of 7
Parsing https://api.gsplizzana.it/api/groups/1/fixtures?page=1
Reading page 2 of 7
Parsing https://api.gsplizzana.it/api/groups/1/fixtures?page=2
Reading page 3 of 7
Parsing https://api.gsplizzana.it/api/groups/1/fixtures?page=3
Reading page 4 of 7
Parsing https://api.gsplizzana.it/api/groups/1/fixtures?page=4
Reading page 5 of 7
Parsing https://api.gsplizzana.it/api/groups/1/fixtures?page=5
Reading page 6 of 7
Parsing https://api.gsplizzana.it/api/groups/1/fixtures?page=6
Reading page 7 of 7
Parsing https://api.gsplizzana.it/api/groups/1/fixtures?page=7
Reading page 1 of 1
Parsing https://api.gsplizzana.it/api/groups/2/fixtures?page=1
Reading page 1 of 1
Parsing https://api.gsplizzana.it/api/groups/3/fixtures?page=1
Reading page 1 of 1
Parsing https://api.gsplizzana.it/api/groups/4/fixtures?page=1
Reading page 1 of 1
Parsing https://api.gsplizzana.it/api/groups/5/fixtures?page=1
Reading page 1 of 1
Parsing https://api.gsplizzana.it/api/groups/6/fixtures?page=1
Reading page 1 of 1
Parsing https://api.gsplizzana.it/api/groups/7/fixtures?page=1
Reading page 1 of 1
Parsing https://api.gsplizzana.it/api/groups/8/fixtures?page=1
Reading page 1 of 1
Parsing https://api.gsplizzana.it/api/groups/9/fixtures?page=1
Reading page 1 of 1
Parsing https://api.gsplizzana.it/api/groups/10/fixtures?page=1
Reading page 1 of 1
Parsing https://api.gsplizzana.it/api/groups/11/fixtures?page=1
Reading page 1 of 1
Parsing https://api.gsplizzana.it/api/groups/12/fixtures?page=1
Reading page 1 of 1
Parsing https://api.gsplizzana.it/api/groups/13/fixtures?page=1
Reading page 1 of 1
Parsing https://api.gsplizzana.it/api/groups/14/fixtures?page=1
Reading page 1 of 1
Parsing https://api.gsplizzana.it/api/groups/15/fixtures?page=1
Reading page 1 of 1
Parsing https://api.gsplizzana.it/api/groups/16/fixtures?page=1
Reading page 1 of 1
Parsing https://api.gsplizzana.it/api/groups/17/fixtures?page=1
Reading page 1 of 1
Parsing https://api.gsplizzana.it/api/groups/18/fixtures?page=1
Expecting value: line 1 column 1 (char 0)
Reading page 1 of 7
Parsing https://api.gsplizzana.it/api/groups/1/fixtures?page=1
Reading page 2 of 7
Parsing https://api.gsplizzana.it/api/groups/1/fixtures?page=2
Reading page 3 of 7
Parsing https://api.gsplizzana.it/api/groups/1/fixtures?page=3
Reading page 4 of 7
Parsing https://api.gsplizzana.it/api/groups/1/fixtures?page=4
Reading page 5 of 7
Parsing https://api.gsplizzana.it/api/groups/1/fixtures?page=5
Reading page 6 of 7
Parsing https://api.gsplizzana.it/api/groups/1/fixtures?page=6
Reading page 1 of 7
Parsing https://api.gsplizzana.it/api/groups/1/fixtures?page=1
Reading page 2 of 7
Parsing https://api.gsplizzana.it/api/groups/1/fixtures?page=2
Reading page 3 of 7
Parsing https://api.gsplizzana.it/api/groups/1/fixtures?page=3
Reading page 4 of 7
Parsing https://api.gsplizzana.it/api/groups/1/fixtures?page=4
Reading page 5 of 7
Parsing https://api.gsplizzana.it/api/groups/1/fixtures?page=5
Reading page 6 of 7
Parsing https://api.gsplizzana.it/api/groups/1/fixtures?page=6
Reading page 7 of 7
Parsing https://api.gsplizzana.it/api/groups/1/fixtures?page=7
Reading page 1 of 1
Parsing https://api.gsplizzana.it/api/groups/2/fixtures?page=1
Reading page 1 of 1
Parsing https://api.gsplizzana.it/api/groups/3/fixtures?page=1
Reading page 1 of 1
Parsing https://api.gsplizzana.it/api/groups/4/fixtures?page=1
Reading page 1 of 1
Parsing https://api.gsplizzana.it/api/groups/5/fixtures?page=1
Reading page 1 of 1
Parsing https://api.gsplizzana.it/api/groups/6/fixtures?page=1
Reading page 1 of 1
Parsing https://api.gsplizzana.it/api/groups/7/fixtures?page=1
Reading page 1 of 1
Parsing https://api.gsplizzana.it/api/groups/8/fixtures?page=1
Reading page 1 of 1
Parsing https://api.gsplizzana.it/api/groups/9/fixtures?page=1
Reading page 1 of 1
Parsing https://api.gsplizzana.it/api/groups/10/fixtures?page=1
Reading page 1 of 1
Parsing https://api.gsplizzana.it/api/groups/11/fixtures?page=1
Reading page 1 of 1
Parsing https://api.gsplizzana.it/api/groups/12/fixtures?page=1
Reading page 1 of 1
Parsing https://api.gsplizzana.it/api/groups/13/fixtures?page=1
Reading page 1 of 1
Parsing https://api.gsplizzana.it/api/groups/14/fixtures?page=1
Reading page 1 of 1
Parsing https://api.gsplizzana.it/api/groups/15/fixtures?page=1
Reading page 1 of 1
Parsing https://api.gsplizzana.it/api/groups/16/fixtures?page=1
Reading page 1 of 1
Parsing https://api.gsplizzana.it/api/groups/17/fixtures?page=1
Reading page 1 of 1
Parsing https://api.gsplizzana.it/api/groups/18/fixtures?page=1
Expecting value: line 1 column 1 (char 0)
